CRITICAL - 2023-11-13 22:39:53 --> Invalid file: "noticia.php"
in SYSTEMPATH\Exceptions\FrameworkException.php on line 39.
 1 SYSTEMPATH\View\View.php(216): CodeIgniter\Exceptions\FrameworkException::forInvalidFile('noticia.php')
 2 SYSTEMPATH\Common.php(1190): CodeIgniter\View\View->render('noticia', [], true)
 3 APPPATH\Controllers\Noticia.php(16): view('noticia', [...])
 4 SYSTEMPATH\CodeIgniter.php(942): App\Controllers\Noticia->index()
 5 SYSTEMPATH\CodeIgniter.php(502): CodeIgniter\CodeIgniter->runController(Object(App\Controllers\Noticia))
 6 SYSTEMPATH\CodeIgniter.php(361): CodeIgniter\CodeIgniter->handleRequest(null, Object(Config\Cache), false)
 7 FCPATH\index.php(79): CodeIgniter\CodeIgniter->run()
CRITICAL - 2023-11-13 22:43:02 --> Invalid file: "noticia.php"
in SYSTEMPATH\Exceptions\FrameworkException.php on line 39.
 1 SYSTEMPATH\View\View.php(216): CodeIgniter\Exceptions\FrameworkException::forInvalidFile('noticia.php')
 2 SYSTEMPATH\Common.php(1190): CodeIgniter\View\View->render('noticia', [], true)
 3 APPPATH\Controllers\Noticia.php(16): view('noticia', [...])
 4 SYSTEMPATH\CodeIgniter.php(942): App\Controllers\Noticia->index()
 5 SYSTEMPATH\CodeIgniter.php(502): CodeIgniter\CodeIgniter->runController(Object(App\Controllers\Noticia))
 6 SYSTEMPATH\CodeIgniter.php(361): CodeIgniter\CodeIgniter->handleRequest(null, Object(Config\Cache), false)
 7 FCPATH\index.php(79): CodeIgniter\CodeIgniter->run()
CRITICAL - 2023-11-13 22:45:50 --> Invalid file: "noticia.php"
in SYSTEMPATH\Exceptions\FrameworkException.php on line 39.
 1 SYSTEMPATH\View\View.php(216): CodeIgniter\Exceptions\FrameworkException::forInvalidFile('noticia.php')
 2 SYSTEMPATH\Common.php(1190): CodeIgniter\View\View->render('noticia', [], true)
 3 APPPATH\Controllers\Noticia.php(16): view('noticia', [...])
 4 SYSTEMPATH\CodeIgniter.php(942): App\Controllers\Noticia->index()
 5 SYSTEMPATH\CodeIgniter.php(502): CodeIgniter\CodeIgniter->runController(Object(App\Controllers\Noticia))
 6 SYSTEMPATH\CodeIgniter.php(361): CodeIgniter\CodeIgniter->handleRequest(null, Object(Config\Cache), false)
 7 FCPATH\index.php(79): CodeIgniter\CodeIgniter->run()
CRITICAL - 2023-11-13 22:46:23 --> Undefined variable $noticia
in APPPATH\Views\noticias.php on line 43.
 1 APPPATH\Views\noticias.php(43): CodeIgniter\Debug\Exceptions->errorHandler(2, 'Undefined variable $noticia', 'C:\\xampp\\htdocs\\noticias\\app\\Views\\noticias.php', 43)
 2 SYSTEMPATH\View\View.php(228): include('C:\\xampp\\htdocs\\noticias\\app\\Views\\noticias.php')
 3 SYSTEMPATH\View\View.php(231): CodeIgniter\View\View->CodeIgniter\View\{closure}()
 4 SYSTEMPATH\Common.php(1190): CodeIgniter\View\View->render('noticias', [], true)
 5 APPPATH\Controllers\Noticia.php(16): view('noticias', [...])
 6 SYSTEMPATH\CodeIgniter.php(942): App\Controllers\Noticia->index()
 7 SYSTEMPATH\CodeIgniter.php(502): CodeIgniter\CodeIgniter->runController(Object(App\Controllers\Noticia))
 8 SYSTEMPATH\CodeIgniter.php(361): CodeIgniter\CodeIgniter->handleRequest(null, Object(Config\Cache), false)
 9 FCPATH\index.php(79): CodeIgniter\CodeIgniter->run()
CRITICAL - 2023-11-13 22:47:08 --> Undefined array key "FOTO"
in APPPATH\Views\noticias.php on line 44.
 1 APPPATH\Views\noticias.php(44): CodeIgniter\Debug\Exceptions->errorHandler(2, 'Undefined array key "FOTO"', 'C:\\xampp\\htdocs\\noticias\\app\\Views\\noticias.php', 44)
 2 SYSTEMPATH\View\View.php(228): include('C:\\xampp\\htdocs\\noticias\\app\\Views\\noticias.php')
 3 SYSTEMPATH\View\View.php(231): CodeIgniter\View\View->CodeIgniter\View\{closure}()
 4 SYSTEMPATH\Common.php(1190): CodeIgniter\View\View->render('noticias', [], true)
 5 APPPATH\Controllers\Noticia.php(16): view('noticias', [...])
 6 SYSTEMPATH\CodeIgniter.php(942): App\Controllers\Noticia->index()
 7 SYSTEMPATH\CodeIgniter.php(502): CodeIgniter\CodeIgniter->runController(Object(App\Controllers\Noticia))
 8 SYSTEMPATH\CodeIgniter.php(361): CodeIgniter\CodeIgniter->handleRequest(null, Object(Config\Cache), false)
 9 FCPATH\index.php(79): CodeIgniter\CodeIgniter->run()
CRITICAL - 2023-11-13 22:48:22 --> Undefined array key "FOTO"
in APPPATH\Views\noticias.php on line 44.
 1 APPPATH\Views\noticias.php(44): CodeIgniter\Debug\Exceptions->errorHandler(2, 'Undefined array key "FOTO"', 'C:\\xampp\\htdocs\\noticias\\app\\Views\\noticias.php', 44)
 2 SYSTEMPATH\View\View.php(228): include('C:\\xampp\\htdocs\\noticias\\app\\Views\\noticias.php')
 3 SYSTEMPATH\View\View.php(231): CodeIgniter\View\View->CodeIgniter\View\{closure}()
 4 SYSTEMPATH\Common.php(1190): CodeIgniter\View\View->render('noticias', [], true)
 5 APPPATH\Controllers\Noticia.php(16): view('noticias', [...])
 6 SYSTEMPATH\CodeIgniter.php(942): App\Controllers\Noticia->index()
 7 SYSTEMPATH\CodeIgniter.php(502): CodeIgniter\CodeIgniter->runController(Object(App\Controllers\Noticia))
 8 SYSTEMPATH\CodeIgniter.php(361): CodeIgniter\CodeIgniter->handleRequest(null, Object(Config\Cache), false)
 9 FCPATH\index.php(79): CodeIgniter\CodeIgniter->run()
