CRITICAL - 2023-11-27 22:57:14 --> Undefined array key "TAG"
in APPPATH\Views\noticias.php on line 52.
 1 APPPATH\Views\noticias.php(52): CodeIgniter\Debug\Exceptions->errorHandler(2, 'Undefined array key "TAG"', 'C:\\xampp\\htdocs\\noticias\\app\\Views\\noticias.php', 52)
 2 SYSTEMPATH\View\View.php(228): include('C:\\xampp\\htdocs\\noticias\\app\\Views\\noticias.php')
 3 SYSTEMPATH\View\View.php(231): CodeIgniter\View\View->CodeIgniter\View\{closure}()
 4 SYSTEMPATH\Common.php(1190): CodeIgniter\View\View->render('noticias', [], true)
 5 APPPATH\Controllers\Noticia.php(17): view('noticias', [...])
 6 SYSTEMPATH\CodeIgniter.php(942): App\Controllers\Noticia->index()
 7 SYSTEMPATH\CodeIgniter.php(502): CodeIgniter\CodeIgniter->runController(Object(App\Controllers\Noticia))
 8 SYSTEMPATH\CodeIgniter.php(361): CodeIgniter\CodeIgniter->handleRequest(null, Object(Config\Cache), false)
 9 FCPATH\index.php(79): CodeIgniter\CodeIgniter->run()
CRITICAL - 2023-11-27 22:58:08 --> Undefined array key "TAG"
in APPPATH\Views\noticias.php on line 52.
 1 APPPATH\Views\noticias.php(52): CodeIgniter\Debug\Exceptions->errorHandler(2, 'Undefined array key "TAG"', 'C:\\xampp\\htdocs\\noticias\\app\\Views\\noticias.php', 52)
 2 SYSTEMPATH\View\View.php(228): include('C:\\xampp\\htdocs\\noticias\\app\\Views\\noticias.php')
 3 SYSTEMPATH\View\View.php(231): CodeIgniter\View\View->CodeIgniter\View\{closure}()
 4 SYSTEMPATH\Common.php(1190): CodeIgniter\View\View->render('noticias', [], true)
 5 APPPATH\Controllers\Noticia.php(17): view('noticias', [...])
 6 SYSTEMPATH\CodeIgniter.php(942): App\Controllers\Noticia->index()
 7 SYSTEMPATH\CodeIgniter.php(502): CodeIgniter\CodeIgniter->runController(Object(App\Controllers\Noticia))
 8 SYSTEMPATH\CodeIgniter.php(361): CodeIgniter\CodeIgniter->handleRequest(null, Object(Config\Cache), false)
 9 FCPATH\index.php(79): CodeIgniter\CodeIgniter->run()
CRITICAL - 2023-11-27 23:02:10 --> Undefined array key "TAG"
in APPPATH\Views\noticias.php on line 24.
 1 APPPATH\Views\noticias.php(24): CodeIgniter\Debug\Exceptions->errorHandler(2, 'Undefined array key "TAG"', 'C:\\xampp\\htdocs\\noticias\\app\\Views\\noticias.php', 24)
 2 SYSTEMPATH\View\View.php(228): include('C:\\xampp\\htdocs\\noticias\\app\\Views\\noticias.php')
 3 SYSTEMPATH\View\View.php(231): CodeIgniter\View\View->CodeIgniter\View\{closure}()
 4 SYSTEMPATH\Common.php(1190): CodeIgniter\View\View->render('noticias', [], true)
 5 APPPATH\Controllers\Noticia.php(17): view('noticias', [...])
 6 SYSTEMPATH\CodeIgniter.php(942): App\Controllers\Noticia->index()
 7 SYSTEMPATH\CodeIgniter.php(502): CodeIgniter\CodeIgniter->runController(Object(App\Controllers\Noticia))
 8 SYSTEMPATH\CodeIgniter.php(361): CodeIgniter\CodeIgniter->handleRequest(null, Object(Config\Cache), false)
 9 FCPATH\index.php(79): CodeIgniter\CodeIgniter->run()
CRITICAL - 2023-11-27 23:02:46 --> Undefined array key "TAG"
in APPPATH\Views\noticias.php on line 49.
 1 APPPATH\Views\noticias.php(49): CodeIgniter\Debug\Exceptions->errorHandler(2, 'Undefined array key "TAG"', 'C:\\xampp\\htdocs\\noticias\\app\\Views\\noticias.php', 49)
 2 SYSTEMPATH\View\View.php(228): include('C:\\xampp\\htdocs\\noticias\\app\\Views\\noticias.php')
 3 SYSTEMPATH\View\View.php(231): CodeIgniter\View\View->CodeIgniter\View\{closure}()
 4 SYSTEMPATH\Common.php(1190): CodeIgniter\View\View->render('noticias', [], true)
 5 APPPATH\Controllers\Noticia.php(17): view('noticias', [...])
 6 SYSTEMPATH\CodeIgniter.php(942): App\Controllers\Noticia->index()
 7 SYSTEMPATH\CodeIgniter.php(502): CodeIgniter\CodeIgniter->runController(Object(App\Controllers\Noticia))
 8 SYSTEMPATH\CodeIgniter.php(361): CodeIgniter\CodeIgniter->handleRequest(null, Object(Config\Cache), false)
 9 FCPATH\index.php(79): CodeIgniter\CodeIgniter->run()
CRITICAL - 2023-11-27 23:07:08 --> Undefined array key "TAG"
in APPPATH\Views\home.php on line 24.
 1 APPPATH\Views\home.php(24): CodeIgniter\Debug\Exceptions->errorHandler(2, 'Undefined array key "TAG"', 'C:\\xampp\\htdocs\\noticias\\app\\Views\\home.php', 24)
 2 SYSTEMPATH\View\View.php(228): include('C:\\xampp\\htdocs\\noticias\\app\\Views\\home.php')
 3 SYSTEMPATH\View\View.php(231): CodeIgniter\View\View->CodeIgniter\View\{closure}()
 4 SYSTEMPATH\Common.php(1190): CodeIgniter\View\View->render('home', [], true)
 5 APPPATH\Controllers\Home.php(18): view('home', [...])
 6 SYSTEMPATH\CodeIgniter.php(942): App\Controllers\Home->index()
 7 SYSTEMPATH\CodeIgniter.php(502): CodeIgniter\CodeIgniter->runController(Object(App\Controllers\Home))
 8 SYSTEMPATH\CodeIgniter.php(361): CodeIgniter\CodeIgniter->handleRequest(null, Object(Config\Cache), false)
 9 FCPATH\index.php(79): CodeIgniter\CodeIgniter->run()
CRITICAL - 2023-11-27 23:10:17 --> The route for "noticia" cannot be found.
in SYSTEMPATH\HTTP\RedirectResponse.php on line 62.
 1 SYSTEMPATH\HTTP\RedirectResponse.php(62): CodeIgniter\HTTP\Exceptions\HTTPException::forInvalidRedirectRoute('noticia')
 2 APPPATH\Controllers\Login.php(50): CodeIgniter\HTTP\RedirectResponse->route(false)
 3 SYSTEMPATH\CodeIgniter.php(942): App\Controllers\Login->processar()
 4 SYSTEMPATH\CodeIgniter.php(502): CodeIgniter\CodeIgniter->runController(Object(App\Controllers\Login))
 5 SYSTEMPATH\CodeIgniter.php(361): CodeIgniter\CodeIgniter->handleRequest(null, Object(Config\Cache), false)
 6 FCPATH\index.php(79): CodeIgniter\CodeIgniter->run()
CRITICAL - 2023-11-27 23:13:30 --> Undefined array key "TAG"
in APPPATH\Views\noticias.php on line 52.
 1 APPPATH\Views\noticias.php(52): CodeIgniter\Debug\Exceptions->errorHandler(2, 'Undefined array key "TAG"', 'C:\\xampp\\htdocs\\noticias\\app\\Views\\noticias.php', 52)
 2 SYSTEMPATH\View\View.php(228): include('C:\\xampp\\htdocs\\noticias\\app\\Views\\noticias.php')
 3 SYSTEMPATH\View\View.php(231): CodeIgniter\View\View->CodeIgniter\View\{closure}()
 4 SYSTEMPATH\Common.php(1190): CodeIgniter\View\View->render('noticias', [], true)
 5 APPPATH\Controllers\Noticia.php(17): view('noticias', [...])
 6 SYSTEMPATH\CodeIgniter.php(942): App\Controllers\Noticia->index()
 7 SYSTEMPATH\CodeIgniter.php(502): CodeIgniter\CodeIgniter->runController(Object(App\Controllers\Noticia))
 8 SYSTEMPATH\CodeIgniter.php(361): CodeIgniter\CodeIgniter->handleRequest(null, Object(Config\Cache), false)
 9 FCPATH\index.php(79): CodeIgniter\CodeIgniter->run()
CRITICAL - 2023-11-27 23:13:35 --> Undefined array key "TAG"
in APPPATH\Views\noticias.php on line 52.
 1 APPPATH\Views\noticias.php(52): CodeIgniter\Debug\Exceptions->errorHandler(2, 'Undefined array key "TAG"', 'C:\\xampp\\htdocs\\noticias\\app\\Views\\noticias.php', 52)
 2 SYSTEMPATH\View\View.php(228): include('C:\\xampp\\htdocs\\noticias\\app\\Views\\noticias.php')
 3 SYSTEMPATH\View\View.php(231): CodeIgniter\View\View->CodeIgniter\View\{closure}()
 4 SYSTEMPATH\Common.php(1190): CodeIgniter\View\View->render('noticias', [], true)
 5 APPPATH\Controllers\Noticia.php(17): view('noticias', [...])
 6 SYSTEMPATH\CodeIgniter.php(942): App\Controllers\Noticia->index()
 7 SYSTEMPATH\CodeIgniter.php(502): CodeIgniter\CodeIgniter->runController(Object(App\Controllers\Noticia))
 8 SYSTEMPATH\CodeIgniter.php(361): CodeIgniter\CodeIgniter->handleRequest(null, Object(Config\Cache), false)
 9 FCPATH\index.php(79): CodeIgniter\CodeIgniter->run()
CRITICAL - 2023-11-27 23:14:18 --> Undefined array key "TAG"
in APPPATH\Views\home.php on line 24.
 1 APPPATH\Views\home.php(24): CodeIgniter\Debug\Exceptions->errorHandler(2, 'Undefined array key "TAG"', 'C:\\xampp\\htdocs\\noticias\\app\\Views\\home.php', 24)
 2 SYSTEMPATH\View\View.php(228): include('C:\\xampp\\htdocs\\noticias\\app\\Views\\home.php')
 3 SYSTEMPATH\View\View.php(231): CodeIgniter\View\View->CodeIgniter\View\{closure}()
 4 SYSTEMPATH\Common.php(1190): CodeIgniter\View\View->render('home', [], true)
 5 APPPATH\Controllers\Home.php(18): view('home', [...])
 6 SYSTEMPATH\CodeIgniter.php(942): App\Controllers\Home->index()
 7 SYSTEMPATH\CodeIgniter.php(502): CodeIgniter\CodeIgniter->runController(Object(App\Controllers\Home))
 8 SYSTEMPATH\CodeIgniter.php(361): CodeIgniter\CodeIgniter->handleRequest(null, Object(Config\Cache), false)
 9 FCPATH\index.php(79): CodeIgniter\CodeIgniter->run()
CRITICAL - 2023-11-27 23:14:41 --> Undefined array key "TAG"
in APPPATH\Views\home.php on line 49.
 1 APPPATH\Views\home.php(49): CodeIgniter\Debug\Exceptions->errorHandler(2, 'Undefined array key "TAG"', 'C:\\xampp\\htdocs\\noticias\\app\\Views\\home.php', 49)
 2 SYSTEMPATH\View\View.php(228): include('C:\\xampp\\htdocs\\noticias\\app\\Views\\home.php')
 3 SYSTEMPATH\View\View.php(231): CodeIgniter\View\View->CodeIgniter\View\{closure}()
 4 SYSTEMPATH\Common.php(1190): CodeIgniter\View\View->render('home', [], true)
 5 APPPATH\Controllers\Home.php(18): view('home', [...])
 6 SYSTEMPATH\CodeIgniter.php(942): App\Controllers\Home->index()
 7 SYSTEMPATH\CodeIgniter.php(502): CodeIgniter\CodeIgniter->runController(Object(App\Controllers\Home))
 8 SYSTEMPATH\CodeIgniter.php(361): CodeIgniter\CodeIgniter->handleRequest(null, Object(Config\Cache), false)
 9 FCPATH\index.php(79): CodeIgniter\CodeIgniter->run()
CRITICAL - 2023-11-27 23:49:48 --> Undefined array key "TAG"
in APPPATH\Views\noticia.php on line 26.
 1 APPPATH\Views\noticia.php(26): CodeIgniter\Debug\Exceptions->errorHandler(2, 'Undefined array key "TAG"', 'C:\\xampp\\htdocs\\noticias\\app\\Views\\noticia.php', 26)
 2 SYSTEMPATH\View\View.php(228): include('C:\\xampp\\htdocs\\noticias\\app\\Views\\noticia.php')
 3 SYSTEMPATH\View\View.php(231): CodeIgniter\View\View->CodeIgniter\View\{closure}()
 4 SYSTEMPATH\Common.php(1190): CodeIgniter\View\View->render('noticia', [], true)
 5 APPPATH\Controllers\Noticia.php(87): view('noticia', [...])
 6 SYSTEMPATH\CodeIgniter.php(942): App\Controllers\Noticia->mostrar('4')
 7 SYSTEMPATH\CodeIgniter.php(502): CodeIgniter\CodeIgniter->runController(Object(App\Controllers\Noticia))
 8 SYSTEMPATH\CodeIgniter.php(361): CodeIgniter\CodeIgniter->handleRequest(null, Object(Config\Cache), false)
 9 FCPATH\index.php(79): CodeIgniter\CodeIgniter->run()
