CRITICAL - 2023-11-25 00:05:50 --> include_once(headerhome.php): Failed to open stream: No such file or directory
in APPPATH\Views\home.php on line 13.
 1 APPPATH\Views\home.php(13): CodeIgniter\Debug\Exceptions->errorHandler(2, 'include_once(headerhome.php): Failed to open stream: No such file or directory', 'C:\\xampp\\htdocs\\noticias\\app\\Views\\home.php', 13)
 2 APPPATH\Views\home.php(13): include_once()
 3 SYSTEMPATH\View\View.php(228): include('C:\\xampp\\htdocs\\noticias\\app\\Views\\home.php')
 4 SYSTEMPATH\View\View.php(231): CodeIgniter\View\View->CodeIgniter\View\{closure}()
 5 SYSTEMPATH\Common.php(1190): CodeIgniter\View\View->render('home', [], true)
 6 APPPATH\Controllers\Home.php(18): view('home', [...])
 7 SYSTEMPATH\CodeIgniter.php(942): App\Controllers\Home->index()
 8 SYSTEMPATH\CodeIgniter.php(502): CodeIgniter\CodeIgniter->runController(Object(App\Controllers\Home))
 9 SYSTEMPATH\CodeIgniter.php(361): CodeIgniter\CodeIgniter->handleRequest(null, Object(Config\Cache), false)
10 FCPATH\index.php(79): CodeIgniter\CodeIgniter->run()
CRITICAL - 2023-11-25 00:05:52 --> include_once(headerhome.php): Failed to open stream: No such file or directory
in APPPATH\Views\home.php on line 13.
 1 APPPATH\Views\home.php(13): CodeIgniter\Debug\Exceptions->errorHandler(2, 'include_once(headerhome.php): Failed to open stream: No such file or directory', 'C:\\xampp\\htdocs\\noticias\\app\\Views\\home.php', 13)
 2 APPPATH\Views\home.php(13): include_once()
 3 SYSTEMPATH\View\View.php(228): include('C:\\xampp\\htdocs\\noticias\\app\\Views\\home.php')
 4 SYSTEMPATH\View\View.php(231): CodeIgniter\View\View->CodeIgniter\View\{closure}()
 5 SYSTEMPATH\Common.php(1190): CodeIgniter\View\View->render('home', [], true)
 6 APPPATH\Controllers\Home.php(18): view('home', [...])
 7 SYSTEMPATH\CodeIgniter.php(942): App\Controllers\Home->index()
 8 SYSTEMPATH\CodeIgniter.php(502): CodeIgniter\CodeIgniter->runController(Object(App\Controllers\Home))
 9 SYSTEMPATH\CodeIgniter.php(361): CodeIgniter\CodeIgniter->handleRequest(null, Object(Config\Cache), false)
10 FCPATH\index.php(79): CodeIgniter\CodeIgniter->run()
CRITICAL - 2023-11-25 00:07:09 --> The route for "https://wa.me/5562982249093" cannot be found.
in SYSTEMPATH\Helpers\url_helper.php on line 489.
 1 SYSTEMPATH\Helpers\url_helper.php(489): CodeIgniter\Router\Exceptions\RouterException::forInvalidRoute('https://wa.me/5562982249093')
 2 APPPATH\Views\headerhome.php(17): url_to('https://wa.me/5562982249093')
 3 APPPATH\Views\home.php(13): include_once('C:\\xampp\\htdocs\\noticias\\app\\Views\\headerhome.php')
 4 SYSTEMPATH\View\View.php(228): include('C:\\xampp\\htdocs\\noticias\\app\\Views\\home.php')
 5 SYSTEMPATH\View\View.php(231): CodeIgniter\View\View->CodeIgniter\View\{closure}()
 6 SYSTEMPATH\Common.php(1190): CodeIgniter\View\View->render('home', [], true)
 7 APPPATH\Controllers\Home.php(18): view('home', [...])
 8 SYSTEMPATH\CodeIgniter.php(942): App\Controllers\Home->index()
 9 SYSTEMPATH\CodeIgniter.php(502): CodeIgniter\CodeIgniter->runController(Object(App\Controllers\Home))
10 SYSTEMPATH\CodeIgniter.php(361): CodeIgniter\CodeIgniter->handleRequest(null, Object(Config\Cache), false)
11 FCPATH\index.php(79): CodeIgniter\CodeIgniter->run()
CRITICAL - 2023-11-25 00:07:11 --> The route for "https://wa.me/5562982249093" cannot be found.
in SYSTEMPATH\Helpers\url_helper.php on line 489.
 1 SYSTEMPATH\Helpers\url_helper.php(489): CodeIgniter\Router\Exceptions\RouterException::forInvalidRoute('https://wa.me/5562982249093')
 2 APPPATH\Views\headerhome.php(17): url_to('https://wa.me/5562982249093')
 3 APPPATH\Views\home.php(13): include_once('C:\\xampp\\htdocs\\noticias\\app\\Views\\headerhome.php')
 4 SYSTEMPATH\View\View.php(228): include('C:\\xampp\\htdocs\\noticias\\app\\Views\\home.php')
 5 SYSTEMPATH\View\View.php(231): CodeIgniter\View\View->CodeIgniter\View\{closure}()
 6 SYSTEMPATH\Common.php(1190): CodeIgniter\View\View->render('home', [], true)
 7 APPPATH\Controllers\Home.php(18): view('home', [...])
 8 SYSTEMPATH\CodeIgniter.php(942): App\Controllers\Home->index()
 9 SYSTEMPATH\CodeIgniter.php(502): CodeIgniter\CodeIgniter->runController(Object(App\Controllers\Home))
10 SYSTEMPATH\CodeIgniter.php(361): CodeIgniter\CodeIgniter->handleRequest(null, Object(Config\Cache), false)
11 FCPATH\index.php(79): CodeIgniter\CodeIgniter->run()
CRITICAL - 2023-11-25 00:25:02 --> Undefined array key "TAGS"
in APPPATH\Views\home.php on line 26.
 1 APPPATH\Views\home.php(26): CodeIgniter\Debug\Exceptions->errorHandler(2, 'Undefined array key "TAGS"', 'C:\\xampp\\htdocs\\noticias\\app\\Views\\home.php', 26)
 2 SYSTEMPATH\View\View.php(228): include('C:\\xampp\\htdocs\\noticias\\app\\Views\\home.php')
 3 SYSTEMPATH\View\View.php(231): CodeIgniter\View\View->CodeIgniter\View\{closure}()
 4 SYSTEMPATH\Common.php(1190): CodeIgniter\View\View->render('home', [], true)
 5 APPPATH\Controllers\Home.php(18): view('home', [...])
 6 SYSTEMPATH\CodeIgniter.php(942): App\Controllers\Home->index()
 7 SYSTEMPATH\CodeIgniter.php(502): CodeIgniter\CodeIgniter->runController(Object(App\Controllers\Home))
 8 SYSTEMPATH\CodeIgniter.php(361): CodeIgniter\CodeIgniter->handleRequest(null, Object(Config\Cache), false)
 9 FCPATH\index.php(79): CodeIgniter\CodeIgniter->run()
CRITICAL - 2023-11-25 00:25:02 --> Undefined array key "TAGS"
in APPPATH\Views\home.php on line 26.
 1 APPPATH\Views\home.php(26): CodeIgniter\Debug\Exceptions->errorHandler(2, 'Undefined array key "TAGS"', 'C:\\xampp\\htdocs\\noticias\\app\\Views\\home.php', 26)
 2 SYSTEMPATH\View\View.php(228): include('C:\\xampp\\htdocs\\noticias\\app\\Views\\home.php')
 3 SYSTEMPATH\View\View.php(231): CodeIgniter\View\View->CodeIgniter\View\{closure}()
 4 SYSTEMPATH\Common.php(1190): CodeIgniter\View\View->render('home', [], true)
 5 APPPATH\Controllers\Home.php(18): view('home', [...])
 6 SYSTEMPATH\CodeIgniter.php(942): App\Controllers\Home->index()
 7 SYSTEMPATH\CodeIgniter.php(502): CodeIgniter\CodeIgniter->runController(Object(App\Controllers\Home))
 8 SYSTEMPATH\CodeIgniter.php(361): CodeIgniter\CodeIgniter->handleRequest(null, Object(Config\Cache), false)
 9 FCPATH\index.php(79): CodeIgniter\CodeIgniter->run()
CRITICAL - 2023-11-25 00:25:03 --> Undefined array key "TAGS"
in APPPATH\Views\home.php on line 26.
 1 APPPATH\Views\home.php(26): CodeIgniter\Debug\Exceptions->errorHandler(2, 'Undefined array key "TAGS"', 'C:\\xampp\\htdocs\\noticias\\app\\Views\\home.php', 26)
 2 SYSTEMPATH\View\View.php(228): include('C:\\xampp\\htdocs\\noticias\\app\\Views\\home.php')
 3 SYSTEMPATH\View\View.php(231): CodeIgniter\View\View->CodeIgniter\View\{closure}()
 4 SYSTEMPATH\Common.php(1190): CodeIgniter\View\View->render('home', [], true)
 5 APPPATH\Controllers\Home.php(18): view('home', [...])
 6 SYSTEMPATH\CodeIgniter.php(942): App\Controllers\Home->index()
 7 SYSTEMPATH\CodeIgniter.php(502): CodeIgniter\CodeIgniter->runController(Object(App\Controllers\Home))
 8 SYSTEMPATH\CodeIgniter.php(361): CodeIgniter\CodeIgniter->handleRequest(null, Object(Config\Cache), false)
 9 FCPATH\index.php(79): CodeIgniter\CodeIgniter->run()
CRITICAL - 2023-11-25 00:25:03 --> Undefined array key "TAGS"
in APPPATH\Views\home.php on line 26.
 1 APPPATH\Views\home.php(26): CodeIgniter\Debug\Exceptions->errorHandler(2, 'Undefined array key "TAGS"', 'C:\\xampp\\htdocs\\noticias\\app\\Views\\home.php', 26)
 2 SYSTEMPATH\View\View.php(228): include('C:\\xampp\\htdocs\\noticias\\app\\Views\\home.php')
 3 SYSTEMPATH\View\View.php(231): CodeIgniter\View\View->CodeIgniter\View\{closure}()
 4 SYSTEMPATH\Common.php(1190): CodeIgniter\View\View->render('home', [], true)
 5 APPPATH\Controllers\Home.php(18): view('home', [...])
 6 SYSTEMPATH\CodeIgniter.php(942): App\Controllers\Home->index()
 7 SYSTEMPATH\CodeIgniter.php(502): CodeIgniter\CodeIgniter->runController(Object(App\Controllers\Home))
 8 SYSTEMPATH\CodeIgniter.php(361): CodeIgniter\CodeIgniter->handleRequest(null, Object(Config\Cache), false)
 9 FCPATH\index.php(79): CodeIgniter\CodeIgniter->run()
CRITICAL - 2023-11-25 00:25:03 --> Undefined array key "TAGS"
in APPPATH\Views\home.php on line 26.
 1 APPPATH\Views\home.php(26): CodeIgniter\Debug\Exceptions->errorHandler(2, 'Undefined array key "TAGS"', 'C:\\xampp\\htdocs\\noticias\\app\\Views\\home.php', 26)
 2 SYSTEMPATH\View\View.php(228): include('C:\\xampp\\htdocs\\noticias\\app\\Views\\home.php')
 3 SYSTEMPATH\View\View.php(231): CodeIgniter\View\View->CodeIgniter\View\{closure}()
 4 SYSTEMPATH\Common.php(1190): CodeIgniter\View\View->render('home', [], true)
 5 APPPATH\Controllers\Home.php(18): view('home', [...])
 6 SYSTEMPATH\CodeIgniter.php(942): App\Controllers\Home->index()
 7 SYSTEMPATH\CodeIgniter.php(502): CodeIgniter\CodeIgniter->runController(Object(App\Controllers\Home))
 8 SYSTEMPATH\CodeIgniter.php(361): CodeIgniter\CodeIgniter->handleRequest(null, Object(Config\Cache), false)
 9 FCPATH\index.php(79): CodeIgniter\CodeIgniter->run()
CRITICAL - 2023-11-25 00:39:56 --> Cannot access offset of type string on string
in APPPATH\Views\noticia.php on line 20.
 1 SYSTEMPATH\View\View.php(228): include()
 2 SYSTEMPATH\View\View.php(231): CodeIgniter\View\View->CodeIgniter\View\{closure}()
 3 SYSTEMPATH\Common.php(1190): CodeIgniter\View\View->render('noticia', [], true)
 4 APPPATH\Controllers\Noticia.php(87): view('noticia', [...])
 5 SYSTEMPATH\CodeIgniter.php(942): App\Controllers\Noticia->mostrar('3')
 6 SYSTEMPATH\CodeIgniter.php(502): CodeIgniter\CodeIgniter->runController(Object(App\Controllers\Noticia))
 7 SYSTEMPATH\CodeIgniter.php(361): CodeIgniter\CodeIgniter->handleRequest(null, Object(Config\Cache), false)
 8 FCPATH\index.php(79): CodeIgniter\CodeIgniter->run()
CRITICAL - 2023-11-25 00:40:04 --> Cannot access offset of type string on string
in APPPATH\Views\noticia.php on line 20.
 1 SYSTEMPATH\View\View.php(228): include()
 2 SYSTEMPATH\View\View.php(231): CodeIgniter\View\View->CodeIgniter\View\{closure}()
 3 SYSTEMPATH\Common.php(1190): CodeIgniter\View\View->render('noticia', [], true)
 4 APPPATH\Controllers\Noticia.php(87): view('noticia', [...])
 5 SYSTEMPATH\CodeIgniter.php(942): App\Controllers\Noticia->mostrar('6')
 6 SYSTEMPATH\CodeIgniter.php(502): CodeIgniter\CodeIgniter->runController(Object(App\Controllers\Noticia))
 7 SYSTEMPATH\CodeIgniter.php(361): CodeIgniter\CodeIgniter->handleRequest(null, Object(Config\Cache), false)
 8 FCPATH\index.php(79): CodeIgniter\CodeIgniter->run()
CRITICAL - 2023-11-25 00:55:59 --> Undefined array key "TITULO"
in APPPATH\Views\home.php on line 19.
 1 APPPATH\Views\home.php(19): CodeIgniter\Debug\Exceptions->errorHandler(2, 'Undefined array key "TITULO"', 'C:\\xampp\\htdocs\\noticias\\app\\Views\\home.php', 19)
 2 SYSTEMPATH\View\View.php(228): include('C:\\xampp\\htdocs\\noticias\\app\\Views\\home.php')
 3 SYSTEMPATH\View\View.php(231): CodeIgniter\View\View->CodeIgniter\View\{closure}()
 4 SYSTEMPATH\Common.php(1190): CodeIgniter\View\View->render('home', [], true)
 5 APPPATH\Controllers\Home.php(18): view('home', [...])
 6 SYSTEMPATH\CodeIgniter.php(942): App\Controllers\Home->index()
 7 SYSTEMPATH\CodeIgniter.php(502): CodeIgniter\CodeIgniter->runController(Object(App\Controllers\Home))
 8 SYSTEMPATH\CodeIgniter.php(361): CodeIgniter\CodeIgniter->handleRequest(null, Object(Config\Cache), false)
 9 FCPATH\index.php(79): CodeIgniter\CodeIgniter->run()
CRITICAL - 2023-11-25 00:56:00 --> Undefined array key "TITULO"
in APPPATH\Views\home.php on line 19.
 1 APPPATH\Views\home.php(19): CodeIgniter\Debug\Exceptions->errorHandler(2, 'Undefined array key "TITULO"', 'C:\\xampp\\htdocs\\noticias\\app\\Views\\home.php', 19)
 2 SYSTEMPATH\View\View.php(228): include('C:\\xampp\\htdocs\\noticias\\app\\Views\\home.php')
 3 SYSTEMPATH\View\View.php(231): CodeIgniter\View\View->CodeIgniter\View\{closure}()
 4 SYSTEMPATH\Common.php(1190): CodeIgniter\View\View->render('home', [], true)
 5 APPPATH\Controllers\Home.php(18): view('home', [...])
 6 SYSTEMPATH\CodeIgniter.php(942): App\Controllers\Home->index()
 7 SYSTEMPATH\CodeIgniter.php(502): CodeIgniter\CodeIgniter->runController(Object(App\Controllers\Home))
 8 SYSTEMPATH\CodeIgniter.php(361): CodeIgniter\CodeIgniter->handleRequest(null, Object(Config\Cache), false)
 9 FCPATH\index.php(79): CodeIgniter\CodeIgniter->run()
CRITICAL - 2023-11-25 01:01:20 --> Undefined array key "TITULO"
in APPPATH\Views\home.php on line 19.
 1 APPPATH\Views\home.php(19): CodeIgniter\Debug\Exceptions->errorHandler(2, 'Undefined array key "TITULO"', 'C:\\xampp\\htdocs\\noticias\\app\\Views\\home.php', 19)
 2 SYSTEMPATH\View\View.php(228): include('C:\\xampp\\htdocs\\noticias\\app\\Views\\home.php')
 3 SYSTEMPATH\View\View.php(231): CodeIgniter\View\View->CodeIgniter\View\{closure}()
 4 SYSTEMPATH\Common.php(1190): CodeIgniter\View\View->render('home', [], true)
 5 APPPATH\Controllers\Home.php(18): view('home', [...])
 6 SYSTEMPATH\CodeIgniter.php(942): App\Controllers\Home->index()
 7 SYSTEMPATH\CodeIgniter.php(502): CodeIgniter\CodeIgniter->runController(Object(App\Controllers\Home))
 8 SYSTEMPATH\CodeIgniter.php(361): CodeIgniter\CodeIgniter->handleRequest(null, Object(Config\Cache), false)
 9 FCPATH\index.php(79): CodeIgniter\CodeIgniter->run()
CRITICAL - 2023-11-25 12:05:09 --> syntax error, unexpected end of file
in APPPATH\Views\home.php on line 57.
 1 SYSTEMPATH\View\View.php(231): CodeIgniter\View\View->CodeIgniter\View\{closure}()
 2 SYSTEMPATH\Common.php(1190): CodeIgniter\View\View->render('home', [], true)
 3 APPPATH\Controllers\Home.php(18): view('home', [...])
 4 SYSTEMPATH\CodeIgniter.php(942): App\Controllers\Home->index()
 5 SYSTEMPATH\CodeIgniter.php(502): CodeIgniter\CodeIgniter->runController(Object(App\Controllers\Home))
 6 SYSTEMPATH\CodeIgniter.php(361): CodeIgniter\CodeIgniter->handleRequest(null, Object(Config\Cache), false)
 7 FCPATH\index.php(79): CodeIgniter\CodeIgniter->run()
CRITICAL - 2023-11-25 12:08:16 --> syntax error, unexpected end of file
in APPPATH\Views\home.php on line 61.
 1 SYSTEMPATH\View\View.php(231): CodeIgniter\View\View->CodeIgniter\View\{closure}()
 2 SYSTEMPATH\Common.php(1190): CodeIgniter\View\View->render('home', [], true)
 3 APPPATH\Controllers\Home.php(18): view('home', [...])
 4 SYSTEMPATH\CodeIgniter.php(942): App\Controllers\Home->index()
 5 SYSTEMPATH\CodeIgniter.php(502): CodeIgniter\CodeIgniter->runController(Object(App\Controllers\Home))
 6 SYSTEMPATH\CodeIgniter.php(361): CodeIgniter\CodeIgniter->handleRequest(null, Object(Config\Cache), false)
 7 FCPATH\index.php(79): CodeIgniter\CodeIgniter->run()
